Determining if the pthread_create exist failed with the following output:
Change Dir: /home/jingbi/CRNN-for-sequence-recognition--master/warp-ctc/warp-ctc/build/CMakeFiles/CMakeTmp

Run Build Command:"/usr/bin/make" "cmTC_66aff/fast"
/usr/bin/make -f CMakeFiles/cmTC_66aff.dir/build.make CMakeFiles/cmTC_66aff.dir/build
make[1]: Entering directory '/home/jingbi/CRNN-for-sequence-recognition--master/warp-ctc/warp-ctc/build/CMakeFiles/CMakeTmp'
Building C object CMakeFiles/cmTC_66aff.dir/CheckSymbolExists.c.o
/usr/bin/cc   -fPIC    -o CMakeFiles/cmTC_66aff.dir/CheckSymbolExists.c.o   -c /home/jingbi/CRNN-for-sequence-recognition--master/warp-ctc/warp-ctc/build/CMakeFiles/CMakeTmp/CheckSymbolExists.c
Linking C executable cmTC_66aff
/usr/local/bin/cmake -E cmake_link_script CMakeFiles/cmTC_66aff.dir/link.txt --verbose=1
/usr/bin/cc -fPIC     -rdynamic CMakeFiles/cmTC_66aff.dir/CheckSymbolExists.c.o  -o cmTC_66aff 
CMakeFiles/cmTC_66aff.dir/CheckSymbolExists.c.o: In function `main':
CheckSymbolExists.c:(.text+0x1b): undefined reference to `pthread_create'
collect2: error: ld returned 1 exit status
CMakeFiles/cmTC_66aff.dir/build.make:97: recipe for target 'cmTC_66aff' failed
make[1]: *** [cmTC_66aff] Error 1
make[1]: Leaving directory '/home/jingbi/CRNN-for-sequence-recognition--master/warp-ctc/warp-ctc/build/CMakeFiles/CMakeTmp'
Makefile:126: recipe for target 'cmTC_66aff/fast' failed
make: *** [cmTC_66aff/fast] Error 2

File /home/jingbi/CRNN-for-sequence-recognition--master/warp-ctc/warp-ctc/build/CMakeFiles/CMakeTmp/CheckSymbolExists.c:
/* */
#include <pthread.h>

int main(int argc, char** argv)
{
  (void)argv;
#ifndef pthread_create
  return ((int*)(&pthread_create))[argc];
#else
  (void)argc;
  return 0;
#endif
}

Determining if the function pthread_create exists in the pthreads failed with the following output:
Change Dir: /home/jingbi/CRNN-for-sequence-recognition--master/warp-ctc/warp-ctc/build/CMakeFiles/CMakeTmp

Run Build Command:"/usr/bin/make" "cmTC_a8040/fast"
/usr/bin/make -f CMakeFiles/cmTC_a8040.dir/build.make CMakeFiles/cmTC_a8040.dir/build
make[1]: Entering directory '/home/jingbi/CRNN-for-sequence-recognition--master/warp-ctc/warp-ctc/build/CMakeFiles/CMakeTmp'
Building C object CMakeFiles/cmTC_a8040.dir/CheckFunctionExists.c.o
/usr/bin/cc   -fPIC -DCHECK_FUNCTION_EXISTS=pthread_create   -o CMakeFiles/cmTC_a8040.dir/CheckFunctionExists.c.o   -c /usr/local/share/cmake-3.9/Modules/CheckFunctionExists.c
Linking C executable cmTC_a8040
/usr/local/bin/cmake -E cmake_link_script CMakeFiles/cmTC_a8040.dir/link.txt --verbose=1
/usr/bin/cc -fPIC -DCHECK_FUNCTION_EXISTS=pthread_create    -rdynamic CMakeFiles/cmTC_a8040.dir/CheckFunctionExists.c.o  -o cmTC_a8040 -lpthreads 
/usr/bin/ld: cannot find -lpthreads
collect2: error: ld returned 1 exit status
CMakeFiles/cmTC_a8040.dir/build.make:97: recipe for target 'cmTC_a8040' failed
make[1]: *** [cmTC_a8040] Error 1
make[1]: Leaving directory '/home/jingbi/CRNN-for-sequence-recognition--master/warp-ctc/warp-ctc/build/CMakeFiles/CMakeTmp'
Makefile:126: recipe for target 'cmTC_a8040/fast' failed
make: *** [cmTC_a8040/fast] Error 2


